<?xml version="1.0" encoding="UTF-8"?>
<!-- Generated by org.testng.reporters.JUnitXMLReporter -->
<testsuite hostname="fs-sys-787" name="Your_Profile_SubScenario3_firefoxq" tests="1" failures="0" timestamp="29 Apr 2014 14:04:12 GMT" time="67.124" errors="0">
  <testcase name="@BeforeTest beforeTest" time="0.0" classname="business.scenarios.Your_Profile">
    <failure type="java.lang.NoClassDefFoundError" message="Could not initialize class global.reusables.ExcelUtils">
      <![CDATA[java.lang.NoClassDefFoundError: Could not initialize class global.reusables.ExcelUtils
	at app.reuseables.ControlTowerStartUp.LaunchApp(ControlTowerStartUp.java:14)
	at DriverMethods.StartUp.beforeTest(StartUp.java:73)
	at java.util.concurrent.FutureTask$Sync.innerRun(FutureTask.java:303)
	at java.util.concurrent.FutureTask.run(FutureTask.java:138)
	at java.util.concurrent.ThreadPoolExecutor$Worker.runTask(ThreadPoolExecutor.java:886)
	at java.util.concurrent.ThreadPoolExecutor$Worker.run(ThreadPoolExecutor.java:908)
	at java.lang.Thread.run(Thread.java:662)
... Removed 14 stack frames]]>
    </failure>
  </testcase> <!-- @BeforeTest beforeTest -->
  <testcase name="@AfterTest afterTest" time="0.0" classname="business.scenarios.Your_Profile">
    <skipped/>
  </testcase> <!-- @AfterTest afterTest -->
  <testcase name="Your_ProfileMain" time="0.0" classname="business.scenarios.Your_Profile">
    <skipped/>
  </testcase> <!-- Your_ProfileMain -->
</testsuite> <!-- Your_Profile_SubScenario3_firefoxq -->
